  advapi-hook.cpp
  consoleapi3-hook.cpp
  custom-hook.cpp
c:\program files (x86)\windows kits\8.1\include\um\winhttp.h(49): warning C4005: 'BOOLAPI': macro redefinition
  c:\program files (x86)\windows kits\8.1\include\um\wininet.h(59): note: see previous definition of 'BOOLAPI'
c:\program files (x86)\windows kits\8.1\include\um\winhttp.h(82): warning C4005: 'SECURITY_FLAG_IGNORE_CERT_DATE_INVALID': macro redefinition
  c:\program files (x86)\windows kits\8.1\include\um\wininet.h(1290): note: see previous definition of 'SECURITY_FLAG_IGNORE_CERT_DATE_INVALID'
c:\program files (x86)\windows kits\8.1\include\um\winhttp.h(83): warning C4005: 'SECURITY_FLAG_IGNORE_CERT_CN_INVALID': macro redefinition
  c:\program files (x86)\windows kits\8.1\include\um\wininet.h(1289): note: see previous definition of 'SECURITY_FLAG_IGNORE_CERT_CN_INVALID'
c:\users\cyfi\desktop\s2e\s2e_win\packages\easyhooknativepackage.2.7.7097\build\native\include\easyhook.h(39): warning C4005: 'NTDDI_VERSION': macro redefinition
  c:\program files (x86)\windows kits\8.1\include\shared\sdkddkver.h(206): note: see previous definition of 'NTDDI_VERSION'
c:\users\cyfi\desktop\s2e\s2e_win\packages\easyhooknativepackage.2.7.7097\build\native\include\easyhook.h(40): warning C4005: '_WIN32_WINNT': macro redefinition
  c:\program files (x86)\windows kits\8.1\include\shared\sdkddkver.h(200): note: see previous definition of '_WIN32_WINNT'
  debugapi-hook.cpp
  fileapi-hook.cpp
  handleapi-hook.cpp
  kernel32-hook.cpp
  msvcrt-hook.cpp
  processthreadsapi-hook.cpp
c:\users\cyfi\desktop\s2e\s2e_win\packages\easyhooknativepackage.2.7.7097\build\native\include\easyhook.h(39): warning C4005: 'NTDDI_VERSION': macro redefinition
  c:\program files (x86)\windows kits\8.1\include\shared\sdkddkver.h(206): note: see previous definition of 'NTDDI_VERSION'
c:\users\cyfi\desktop\s2e\s2e_win\packages\easyhooknativepackage.2.7.7097\build\native\include\easyhook.h(40): warning C4005: '_WIN32_WINNT': macro redefinition
  c:\program files (x86)\windows kits\8.1\include\shared\sdkddkver.h(200): note: see previous definition of '_WIN32_WINNT'
  shellapi-hook.cpp
  shlwapi-hook.cpp
  socket-hook.cpp
  string-hook.cpp
  stringapiset-hook.cpp
  sysinfoapi-hook.cpp
  timeapi-hook.cpp
  urlmon-hook.cpp
  utils.cpp
  wchar-hook.cpp
  wingdi-hook.cpp
  Generating Code...
  Compiling...
  winhttp-hook.cpp
  wininet-hook.cpp
  winnls-hook.cpp
  winternl-hook.cpp
  winuser-hook.cpp
  Generating Code...
     Creating library C:\Users\cyfi\Desktop\s2e\s2e_win\Release\custom-hook.lib and object C:\Users\cyfi\Desktop\s2e\s2e_win\Release\custom-hook.exp
  LINK : /LTCG specified but no code generation required; remove /LTCG from the link command line to improve linker performance
  custom-hook.vcxproj -> C:\Users\cyfi\Desktop\s2e\s2e_win\Release\custom-hook.dll
