c:\users\cyfi\desktop\projects\s2e\s2e_win\pdbparser\release\vc141.pdb
c:\users\cyfi\desktop\projects\s2e\s2e_win\pdbparser\release\utils.nativecodeanalysis.sarif
c:\users\cyfi\desktop\projects\s2e\s2e_win\pdbparser\release\utils.nativecodeanalysis.xml
c:\users\cyfi\desktop\projects\s2e\s2e_win\pdbparser\release\types.nativecodeanalysis.sarif
c:\users\cyfi\desktop\projects\s2e\s2e_win\pdbparser\release\types.nativecodeanalysis.xml
c:\users\cyfi\desktop\projects\s2e\s2e_win\pdbparser\release\syscalls.nativecodeanalysis.sarif
c:\users\cyfi\desktop\projects\s2e\s2e_win\pdbparser\release\syscalls.nativecodeanalysis.xml
c:\users\cyfi\desktop\projects\s2e\s2e_win\pdbparser\release\symbols.nativecodeanalysis.sarif
c:\users\cyfi\desktop\projects\s2e\s2e_win\pdbparser\release\symbols.nativecodeanalysis.xml
c:\users\cyfi\desktop\projects\s2e\s2e_win\pdbparser\release\pdbparser.nativecodeanalysis.sarif
c:\users\cyfi\desktop\projects\s2e\s2e_win\pdbparser\release\pdbparser.nativecodeanalysis.xml
c:\users\cyfi\desktop\projects\s2e\s2e_win\pdbparser\release\lines.nativecodeanalysis.sarif
c:\users\cyfi\desktop\projects\s2e\s2e_win\pdbparser\release\lines.nativecodeanalysis.xml
c:\users\cyfi\desktop\projects\s2e\s2e_win\pdbparser\release\lines.obj
c:\users\cyfi\desktop\projects\s2e\s2e_win\pdbparser\release\pdbparser.obj
c:\users\cyfi\desktop\projects\s2e\s2e_win\pdbparser\release\symbols.obj
c:\users\cyfi\desktop\projects\s2e\s2e_win\pdbparser\release\syscalls.obj
c:\users\cyfi\desktop\projects\s2e\s2e_win\pdbparser\release\types.obj
c:\users\cyfi\desktop\projects\s2e\s2e_win\pdbparser\release\utils.obj
c:\users\cyfi\desktop\projects\s2e\s2e_win\release\pdbparser.exe
c:\users\cyfi\desktop\projects\s2e\s2e_win\release\pdbparser.pdb
c:\users\cyfi\desktop\projects\s2e\s2e_win\pdbparser\release\nativecodeanalysis.read.1.tlog
c:\users\cyfi\desktop\projects\s2e\s2e_win\pdbparser\release\vc.nativecodeanalysis.all.xml
c:\users\cyfi\desktop\projects\s2e\s2e_win\release\pdbparser.exe.lastcodeanalysissucceeded
c:\users\cyfi\desktop\projects\s2e\s2e_win\pdbparser\release\pdbparser.tlog\cl.command.1.tlog
c:\users\cyfi\desktop\projects\s2e\s2e_win\pdbparser\release\pdbparser.tlog\cl.read.1.tlog
c:\users\cyfi\desktop\projects\s2e\s2e_win\pdbparser\release\pdbparser.tlog\cl.write.1.tlog
c:\users\cyfi\desktop\projects\s2e\s2e_win\pdbparser\release\pdbparser.tlog\link.command.1.tlog
c:\users\cyfi\desktop\projects\s2e\s2e_win\pdbparser\release\pdbparser.tlog\link.read.1.tlog
c:\users\cyfi\desktop\projects\s2e\s2e_win\pdbparser\release\pdbparser.tlog\link.write.1.tlog
