  Building 'driver' with toolset 'WindowsKernelModeDriver10.0' and the 'Desktop' target platform.
  Stamping Release\s2e.inf
  Stamping [Version] section with DriverVer=09/05/2021,15.1.18.412
C:\Users\cyfi\Desktop\s2e\s2e_win\driver\s2e.inf : warning 1420: [DefaultInstall]-based INF cannot be processed as Primitive.
C:\Users\cyfi\Desktop\s2e\s2e_win\driver\s2e.inf(25-25): warning 1324: [Version] section should specify PnpLockdown=1.
C:\Users\cyfi\Desktop\s2e\s2e_win\driver\s2e.inf(38-38): warning 1421: Section [DefaultInstall] should have an architecture decoration.
C:\Users\cyfi\Desktop\s2e\s2e_win\driver\s2e.inf(45-45): warning 1421: Section [DefaultUninstall] should have an architecture decoration.
  strings.c
  config.c
  crash.c
  enumeration.c
  Running Code Analysis for C/C++...
  Generating Code...
  Compiling...
  ex.cpp
  Running Code Analysis for C/C++...
  Generating Code...
  Compiling...
  faultinj.c
  Running Code Analysis for C/C++...
  Generating Code...
  Compiling...
  flt.cpp
  fs.cpp
  io.cpp
  mm.cpp
  ob.cpp
  ps.cpp
  reg.cpp
  Running Code Analysis for C/C++...
  Generating Code...
  Compiling...
  filter.c
  kernel_functions.c
  kernel_hooks.c
  main.c
  monitoring.c
  utils.c
  process.c
  winmonitor_common.c
  winmonitor_gen.c
  Running Code Analysis for C/C++...
  Generating Code...
  driver.vcxproj -> C:\Users\cyfi\Desktop\s2e\s2e_win\Release\s2e.sys
  Done Adding Additional Store
  Successfully signed: C:\Users\cyfi\Desktop\s2e\s2e_win\Release\s2e.sys
  
  .........................
  Signability test complete.
  
  Errors:
  None
  
  Warnings:
  None
  
  Catalog generation complete.
  C:\Users\cyfi\Desktop\s2e\s2e_win\Release\driver\s2e.cat
  Done Adding Additional Store
  Successfully signed: C:\Users\cyfi\Desktop\s2e\s2e_win\Release\driver\s2e.cat
  
