c:\users\cyfi\desktop\s2e-win-utils-src\source\s2e\guest\windows\driver\release\vc142.pdb
c:\users\cyfi\desktop\s2e-win-utils-src\source\s2e\guest\windows\driver\release\enumeration.nativecodeanalysis.sarif
c:\users\cyfi\desktop\s2e-win-utils-src\source\s2e\guest\windows\driver\release\enumeration.nativecodeanalysis.xml
c:\users\cyfi\desktop\s2e-win-utils-src\source\s2e\guest\windows\driver\release\crash.nativecodeanalysis.sarif
c:\users\cyfi\desktop\s2e-win-utils-src\source\s2e\guest\windows\driver\release\crash.nativecodeanalysis.xml
c:\users\cyfi\desktop\s2e-win-utils-src\source\s2e\guest\windows\driver\release\config.nativecodeanalysis.sarif
c:\users\cyfi\desktop\s2e-win-utils-src\source\s2e\guest\windows\driver\release\config.nativecodeanalysis.xml
c:\users\cyfi\desktop\s2e-win-utils-src\source\s2e\guest\windows\driver\release\strings.nativecodeanalysis.sarif
c:\users\cyfi\desktop\s2e-win-utils-src\source\s2e\guest\windows\driver\release\strings.nativecodeanalysis.xml
c:\users\cyfi\desktop\s2e-win-utils-src\source\s2e\guest\windows\driver\release\strings.obj
c:\users\cyfi\desktop\s2e-win-utils-src\source\s2e\guest\windows\driver\release\config.obj
c:\users\cyfi\desktop\s2e-win-utils-src\source\s2e\guest\windows\driver\release\crash.obj
c:\users\cyfi\desktop\s2e-win-utils-src\source\s2e\guest\windows\driver\release\enumeration.obj
c:\users\cyfi\desktop\s2e-win-utils-src\source\s2e\guest\windows\driver\release\ex.nativecodeanalysis.sarif
c:\users\cyfi\desktop\s2e-win-utils-src\source\s2e\guest\windows\driver\release\ex.nativecodeanalysis.xml
c:\users\cyfi\desktop\s2e-win-utils-src\source\s2e\guest\windows\driver\release\ex.obj
c:\users\cyfi\desktop\s2e-win-utils-src\source\s2e\guest\windows\driver\release\faultinj.nativecodeanalysis.sarif
c:\users\cyfi\desktop\s2e-win-utils-src\source\s2e\guest\windows\driver\release\faultinj.nativecodeanalysis.xml
c:\users\cyfi\desktop\s2e-win-utils-src\source\s2e\guest\windows\driver\release\faultinj.obj
c:\users\cyfi\desktop\s2e-win-utils-src\source\s2e\guest\windows\driver\release\reg.nativecodeanalysis.sarif
c:\users\cyfi\desktop\s2e-win-utils-src\source\s2e\guest\windows\driver\release\reg.nativecodeanalysis.xml
c:\users\cyfi\desktop\s2e-win-utils-src\source\s2e\guest\windows\driver\release\ps.nativecodeanalysis.sarif
c:\users\cyfi\desktop\s2e-win-utils-src\source\s2e\guest\windows\driver\release\ps.nativecodeanalysis.xml
c:\users\cyfi\desktop\s2e-win-utils-src\source\s2e\guest\windows\driver\release\ob.nativecodeanalysis.sarif
c:\users\cyfi\desktop\s2e-win-utils-src\source\s2e\guest\windows\driver\release\ob.nativecodeanalysis.xml
c:\users\cyfi\desktop\s2e-win-utils-src\source\s2e\guest\windows\driver\release\mm.nativecodeanalysis.sarif
c:\users\cyfi\desktop\s2e-win-utils-src\source\s2e\guest\windows\driver\release\mm.nativecodeanalysis.xml
c:\users\cyfi\desktop\s2e-win-utils-src\source\s2e\guest\windows\driver\release\io.nativecodeanalysis.sarif
c:\users\cyfi\desktop\s2e-win-utils-src\source\s2e\guest\windows\driver\release\io.nativecodeanalysis.xml
c:\users\cyfi\desktop\s2e-win-utils-src\source\s2e\guest\windows\driver\release\fs.nativecodeanalysis.sarif
c:\users\cyfi\desktop\s2e-win-utils-src\source\s2e\guest\windows\driver\release\fs.nativecodeanalysis.xml
c:\users\cyfi\desktop\s2e-win-utils-src\source\s2e\guest\windows\driver\release\flt.nativecodeanalysis.sarif
c:\users\cyfi\desktop\s2e-win-utils-src\source\s2e\guest\windows\driver\release\flt.nativecodeanalysis.xml
c:\users\cyfi\desktop\s2e-win-utils-src\source\s2e\guest\windows\driver\release\flt.obj
c:\users\cyfi\desktop\s2e-win-utils-src\source\s2e\guest\windows\driver\release\fs.obj
c:\users\cyfi\desktop\s2e-win-utils-src\source\s2e\guest\windows\driver\release\io.obj
c:\users\cyfi\desktop\s2e-win-utils-src\source\s2e\guest\windows\driver\release\mm.obj
c:\users\cyfi\desktop\s2e-win-utils-src\source\s2e\guest\windows\driver\release\ob.obj
c:\users\cyfi\desktop\s2e-win-utils-src\source\s2e\guest\windows\driver\release\ps.obj
c:\users\cyfi\desktop\s2e-win-utils-src\source\s2e\guest\windows\driver\release\reg.obj
c:\users\cyfi\desktop\s2e-win-utils-src\source\s2e\guest\windows\driver\release\winmonitor_gen.nativecodeanalysis.sarif
c:\users\cyfi\desktop\s2e-win-utils-src\source\s2e\guest\windows\driver\release\winmonitor_gen.nativecodeanalysis.xml
c:\users\cyfi\desktop\s2e-win-utils-src\source\s2e\guest\windows\driver\release\winmonitor_common.nativecodeanalysis.sarif
c:\users\cyfi\desktop\s2e-win-utils-src\source\s2e\guest\windows\driver\release\winmonitor_common.nativecodeanalysis.xml
c:\users\cyfi\desktop\s2e-win-utils-src\source\s2e\guest\windows\driver\release\process.nativecodeanalysis.sarif
c:\users\cyfi\desktop\s2e-win-utils-src\source\s2e\guest\windows\driver\release\process.nativecodeanalysis.xml
c:\users\cyfi\desktop\s2e-win-utils-src\source\s2e\guest\windows\driver\release\utils.nativecodeanalysis.sarif
c:\users\cyfi\desktop\s2e-win-utils-src\source\s2e\guest\windows\driver\release\utils.nativecodeanalysis.xml
c:\users\cyfi\desktop\s2e-win-utils-src\source\s2e\guest\windows\driver\release\monitoring.nativecodeanalysis.sarif
c:\users\cyfi\desktop\s2e-win-utils-src\source\s2e\guest\windows\driver\release\monitoring.nativecodeanalysis.xml
c:\users\cyfi\desktop\s2e-win-utils-src\source\s2e\guest\windows\driver\release\main.nativecodeanalysis.sarif
c:\users\cyfi\desktop\s2e-win-utils-src\source\s2e\guest\windows\driver\release\main.nativecodeanalysis.xml
c:\users\cyfi\desktop\s2e-win-utils-src\source\s2e\guest\windows\driver\release\kernel_hooks.nativecodeanalysis.sarif
c:\users\cyfi\desktop\s2e-win-utils-src\source\s2e\guest\windows\driver\release\kernel_hooks.nativecodeanalysis.xml
c:\users\cyfi\desktop\s2e-win-utils-src\source\s2e\guest\windows\driver\release\kernel_functions.nativecodeanalysis.sarif
c:\users\cyfi\desktop\s2e-win-utils-src\source\s2e\guest\windows\driver\release\kernel_functions.nativecodeanalysis.xml
c:\users\cyfi\desktop\s2e-win-utils-src\source\s2e\guest\windows\driver\release\filter.nativecodeanalysis.sarif
c:\users\cyfi\desktop\s2e-win-utils-src\source\s2e\guest\windows\driver\release\filter.nativecodeanalysis.xml
c:\users\cyfi\desktop\s2e-win-utils-src\source\s2e\guest\windows\driver\release\filter.obj
c:\users\cyfi\desktop\s2e-win-utils-src\source\s2e\guest\windows\driver\release\kernel_functions.obj
c:\users\cyfi\desktop\s2e-win-utils-src\source\s2e\guest\windows\driver\release\kernel_hooks.obj
c:\users\cyfi\desktop\s2e-win-utils-src\source\s2e\guest\windows\driver\release\main.obj
c:\users\cyfi\desktop\s2e-win-utils-src\source\s2e\guest\windows\driver\release\monitoring.obj
c:\users\cyfi\desktop\s2e-win-utils-src\source\s2e\guest\windows\driver\release\utils.obj
c:\users\cyfi\desktop\s2e-win-utils-src\source\s2e\guest\windows\driver\release\process.obj
c:\users\cyfi\desktop\s2e-win-utils-src\source\s2e\guest\windows\driver\release\winmonitor_common.obj
c:\users\cyfi\desktop\s2e-win-utils-src\source\s2e\guest\windows\driver\release\winmonitor_gen.obj
c:\users\cyfi\desktop\s2e-win-utils-src\source\s2e\guest\windows\release\driver\s2e.cat
c:\users\cyfi\desktop\s2e-win-utils-src\source\s2e\guest\windows\release\s2e.sys
c:\users\cyfi\desktop\s2e-win-utils-src\source\s2e\guest\windows\release\s2e.pdb
c:\users\cyfi\desktop\s2e-win-utils-src\source\s2e\guest\windows\driver\release\s2e.inf
c:\users\cyfi\desktop\s2e-win-utils-src\source\s2e\guest\windows\release\s2e.cer
c:\users\cyfi\desktop\s2e-win-utils-src\source\s2e\guest\windows\release\s2e.inf
c:\users\cyfi\desktop\s2e-win-utils-src\source\s2e\guest\windows\driver\release\vc.nativecodeanalysis.all.xml
c:\users\cyfi\desktop\s2e-win-utils-src\source\s2e\guest\windows\driver\release\driver.tlog\cl.command.1.tlog
c:\users\cyfi\desktop\s2e-win-utils-src\source\s2e\guest\windows\driver\release\driver.tlog\cl.read.1.tlog
c:\users\cyfi\desktop\s2e-win-utils-src\source\s2e\guest\windows\driver\release\driver.tlog\cl.write.1.tlog
c:\users\cyfi\desktop\s2e-win-utils-src\source\s2e\guest\windows\driver\release\driver.tlog\inf2cat-expand.10104.read.1.tlog
c:\users\cyfi\desktop\s2e-win-utils-src\source\s2e\guest\windows\driver\release\driver.tlog\inf2cat-expand.10104.write.1.tlog
c:\users\cyfi\desktop\s2e-win-utils-src\source\s2e\guest\windows\driver\release\driver.tlog\inf2cat-expand.10136.read.1.tlog
c:\users\cyfi\desktop\s2e-win-utils-src\source\s2e\guest\windows\driver\release\driver.tlog\inf2cat-expand.10136.write.1.tlog
c:\users\cyfi\desktop\s2e-win-utils-src\source\s2e\guest\windows\driver\release\driver.tlog\inf2cat-expand.10196.read.1.tlog
c:\users\cyfi\desktop\s2e-win-utils-src\source\s2e\guest\windows\driver\release\driver.tlog\inf2cat-expand.10196.write.1.tlog
c:\users\cyfi\desktop\s2e-win-utils-src\source\s2e\guest\windows\driver\release\driver.tlog\inf2cat-expand.10216.read.1.tlog
c:\users\cyfi\desktop\s2e-win-utils-src\source\s2e\guest\windows\driver\release\driver.tlog\inf2cat-expand.10216.write.1.tlog
c:\users\cyfi\desktop\s2e-win-utils-src\source\s2e\guest\windows\driver\release\driver.tlog\inf2cat-expand.10232.read.1.tlog
c:\users\cyfi\desktop\s2e-win-utils-src\source\s2e\guest\windows\driver\release\driver.tlog\inf2cat-expand.10232.write.1.tlog
c:\users\cyfi\desktop\s2e-win-utils-src\source\s2e\guest\windows\driver\release\driver.tlog\inf2cat-expand.10296.read.1.tlog
c:\users\cyfi\desktop\s2e-win-utils-src\source\s2e\guest\windows\driver\release\driver.tlog\inf2cat-expand.10296.write.1.tlog
c:\users\cyfi\desktop\s2e-win-utils-src\source\s2e\guest\windows\driver\release\driver.tlog\inf2cat-expand.10328.read.1.tlog
c:\users\cyfi\desktop\s2e-win-utils-src\source\s2e\guest\windows\driver\release\driver.tlog\inf2cat-expand.10328.write.1.tlog
c:\users\cyfi\desktop\s2e-win-utils-src\source\s2e\guest\windows\driver\release\driver.tlog\inf2cat-expand.10400.read.1.tlog
c:\users\cyfi\desktop\s2e-win-utils-src\source\s2e\guest\windows\driver\release\driver.tlog\inf2cat-expand.10400.write.1.tlog
c:\users\cyfi\desktop\s2e-win-utils-src\source\s2e\guest\windows\driver\release\driver.tlog\inf2cat-expand.10432.read.1.tlog
c:\users\cyfi\desktop\s2e-win-utils-src\source\s2e\guest\windows\driver\release\driver.tlog\inf2cat-expand.10432.write.1.tlog
c:\users\cyfi\desktop\s2e-win-utils-src\source\s2e\guest\windows\driver\release\driver.tlog\inf2cat-expand.10508.read.1.tlog
c:\users\cyfi\desktop\s2e-win-utils-src\source\s2e\guest\windows\driver\release\driver.tlog\inf2cat-expand.10508.write.1.tlog
c:\users\cyfi\desktop\s2e-win-utils-src\source\s2e\guest\windows\driver\release\driver.tlog\inf2cat-expand.10520.read.1.tlog
c:\users\cyfi\desktop\s2e-win-utils-src\source\s2e\guest\windows\driver\release\driver.tlog\inf2cat-expand.10520.write.1.tlog
c:\users\cyfi\desktop\s2e-win-utils-src\source\s2e\guest\windows\driver\release\driver.tlog\inf2cat-expand.10688.read.1.tlog
c:\users\cyfi\desktop\s2e-win-utils-src\source\s2e\guest\windows\driver\release\driver.tlog\inf2cat-expand.10688.write.1.tlog
c:\users\cyfi\desktop\s2e-win-utils-src\source\s2e\guest\windows\driver\release\driver.tlog\inf2cat-expand.10728.read.1.tlog
c:\users\cyfi\desktop\s2e-win-utils-src\source\s2e\guest\windows\driver\release\driver.tlog\inf2cat-expand.10728.write.1.tlog
c:\users\cyfi\desktop\s2e-win-utils-src\source\s2e\guest\windows\driver\release\driver.tlog\inf2cat-expand.10736.read.1.tlog
c:\users\cyfi\desktop\s2e-win-utils-src\source\s2e\guest\windows\driver\release\driver.tlog\inf2cat-expand.10736.write.1.tlog
c:\users\cyfi\desktop\s2e-win-utils-src\source\s2e\guest\windows\driver\release\driver.tlog\inf2cat-expand.10852.read.1.tlog
c:\users\cyfi\desktop\s2e-win-utils-src\source\s2e\guest\windows\driver\release\driver.tlog\inf2cat-expand.10852.write.1.tlog
c:\users\cyfi\desktop\s2e-win-utils-src\source\s2e\guest\windows\driver\release\driver.tlog\inf2cat-expand.10876.read.1.tlog
c:\users\cyfi\desktop\s2e-win-utils-src\source\s2e\guest\windows\driver\release\driver.tlog\inf2cat-expand.10876.write.1.tlog
c:\users\cyfi\desktop\s2e-win-utils-src\source\s2e\guest\windows\driver\release\driver.tlog\inf2cat-expand.10940.read.1.tlog
c:\users\cyfi\desktop\s2e-win-utils-src\source\s2e\guest\windows\driver\release\driver.tlog\inf2cat-expand.10940.write.1.tlog
c:\users\cyfi\desktop\s2e-win-utils-src\source\s2e\guest\windows\driver\release\driver.tlog\inf2cat-expand.1096.read.1.tlog
c:\users\cyfi\desktop\s2e-win-utils-src\source\s2e\guest\windows\driver\release\driver.tlog\inf2cat-expand.1096.write.1.tlog
c:\users\cyfi\desktop\s2e-win-utils-src\source\s2e\guest\windows\driver\release\driver.tlog\inf2cat-expand.10988.read.1.tlog
c:\users\cyfi\desktop\s2e-win-utils-src\source\s2e\guest\windows\driver\release\driver.tlog\inf2cat-expand.10988.write.1.tlog
c:\users\cyfi\desktop\s2e-win-utils-src\source\s2e\guest\windows\driver\release\driver.tlog\inf2cat-expand.11064.read.1.tlog
c:\users\cyfi\desktop\s2e-win-utils-src\source\s2e\guest\windows\driver\release\driver.tlog\inf2cat-expand.11064.write.1.tlog
c:\users\cyfi\desktop\s2e-win-utils-src\source\s2e\guest\windows\driver\release\driver.tlog\inf2cat-expand.11084.read.1.tlog
c:\users\cyfi\desktop\s2e-win-utils-src\source\s2e\guest\windows\driver\release\driver.tlog\inf2cat-expand.11084.write.1.tlog
c:\users\cyfi\desktop\s2e-win-utils-src\source\s2e\guest\windows\driver\release\driver.tlog\inf2cat-expand.11196.read.1.tlog
c:\users\cyfi\desktop\s2e-win-utils-src\source\s2e\guest\windows\driver\release\driver.tlog\inf2cat-expand.11196.write.1.tlog
c:\users\cyfi\desktop\s2e-win-utils-src\source\s2e\guest\windows\driver\release\driver.tlog\inf2cat-expand.11200.read.1.tlog
c:\users\cyfi\desktop\s2e-win-utils-src\source\s2e\guest\windows\driver\release\driver.tlog\inf2cat-expand.11200.write.1.tlog
c:\users\cyfi\desktop\s2e-win-utils-src\source\s2e\guest\windows\driver\release\driver.tlog\inf2cat-expand.11256.read.1.tlog
c:\users\cyfi\desktop\s2e-win-utils-src\source\s2e\guest\windows\driver\release\driver.tlog\inf2cat-expand.11256.write.1.tlog
c:\users\cyfi\desktop\s2e-win-utils-src\source\s2e\guest\windows\driver\release\driver.tlog\inf2cat-expand.11388.read.1.tlog
c:\users\cyfi\desktop\s2e-win-utils-src\source\s2e\guest\windows\driver\release\driver.tlog\inf2cat-expand.11388.write.1.tlog
c:\users\cyfi\desktop\s2e-win-utils-src\source\s2e\guest\windows\driver\release\driver.tlog\inf2cat-expand.11392.read.1.tlog
c:\users\cyfi\desktop\s2e-win-utils-src\source\s2e\guest\windows\driver\release\driver.tlog\inf2cat-expand.11392.write.1.tlog
c:\users\cyfi\desktop\s2e-win-utils-src\source\s2e\guest\windows\driver\release\driver.tlog\inf2cat-expand.11436.read.1.tlog
c:\users\cyfi\desktop\s2e-win-utils-src\source\s2e\guest\windows\driver\release\driver.tlog\inf2cat-expand.11436.write.1.tlog
c:\users\cyfi\desktop\s2e-win-utils-src\source\s2e\guest\windows\driver\release\driver.tlog\inf2cat-expand.11528.read.1.tlog
c:\users\cyfi\desktop\s2e-win-utils-src\source\s2e\guest\windows\driver\release\driver.tlog\inf2cat-expand.11528.write.1.tlog
c:\users\cyfi\desktop\s2e-win-utils-src\source\s2e\guest\windows\driver\release\driver.tlog\inf2cat-expand.11560.read.1.tlog
c:\users\cyfi\desktop\s2e-win-utils-src\source\s2e\guest\windows\driver\release\driver.tlog\inf2cat-expand.11560.write.1.tlog
c:\users\cyfi\desktop\s2e-win-utils-src\source\s2e\guest\windows\driver\release\driver.tlog\inf2cat-expand.11568.read.1.tlog
c:\users\cyfi\desktop\s2e-win-utils-src\source\s2e\guest\windows\driver\release\driver.tlog\inf2cat-expand.11568.write.1.tlog
c:\users\cyfi\desktop\s2e-win-utils-src\source\s2e\guest\windows\driver\release\driver.tlog\inf2cat-expand.11632.read.1.tlog
c:\users\cyfi\desktop\s2e-win-utils-src\source\s2e\guest\windows\driver\release\driver.tlog\inf2cat-expand.11632.write.1.tlog
c:\users\cyfi\desktop\s2e-win-utils-src\source\s2e\guest\windows\driver\release\driver.tlog\inf2cat-expand.11668.read.1.tlog
c:\users\cyfi\desktop\s2e-win-utils-src\source\s2e\guest\windows\driver\release\driver.tlog\inf2cat-expand.11668.write.1.tlog
c:\users\cyfi\desktop\s2e-win-utils-src\source\s2e\guest\windows\driver\release\driver.tlog\inf2cat-expand.11744.read.1.tlog
c:\users\cyfi\desktop\s2e-win-utils-src\source\s2e\guest\windows\driver\release\driver.tlog\inf2cat-expand.11744.write.1.tlog
c:\users\cyfi\desktop\s2e-win-utils-src\source\s2e\guest\windows\driver\release\driver.tlog\inf2cat-expand.11852.read.1.tlog
c:\users\cyfi\desktop\s2e-win-utils-src\source\s2e\guest\windows\driver\release\driver.tlog\inf2cat-expand.11852.write.1.tlog
c:\users\cyfi\desktop\s2e-win-utils-src\source\s2e\guest\windows\driver\release\driver.tlog\inf2cat-expand.11916.read.1.tlog
c:\users\cyfi\desktop\s2e-win-utils-src\source\s2e\guest\windows\driver\release\driver.tlog\inf2cat-expand.11916.write.1.tlog
c:\users\cyfi\desktop\s2e-win-utils-src\source\s2e\guest\windows\driver\release\driver.tlog\inf2cat-expand.11940.read.1.tlog
c:\users\cyfi\desktop\s2e-win-utils-src\source\s2e\guest\windows\driver\release\driver.tlog\inf2cat-expand.11940.write.1.tlog
c:\users\cyfi\desktop\s2e-win-utils-src\source\s2e\guest\windows\driver\release\driver.tlog\inf2cat-expand.12016.read.1.tlog
c:\users\cyfi\desktop\s2e-win-utils-src\source\s2e\guest\windows\driver\release\driver.tlog\inf2cat-expand.12016.write.1.tlog
c:\users\cyfi\desktop\s2e-win-utils-src\source\s2e\guest\windows\driver\release\driver.tlog\inf2cat-expand.12088.read.1.tlog
c:\users\cyfi\desktop\s2e-win-utils-src\source\s2e\guest\windows\driver\release\driver.tlog\inf2cat-expand.12088.write.1.tlog
c:\users\cyfi\desktop\s2e-win-utils-src\source\s2e\guest\windows\driver\release\driver.tlog\inf2cat-expand.12104.read.1.tlog
c:\users\cyfi\desktop\s2e-win-utils-src\source\s2e\guest\windows\driver\release\driver.tlog\inf2cat-expand.12104.write.1.tlog
c:\users\cyfi\desktop\s2e-win-utils-src\source\s2e\guest\windows\driver\release\driver.tlog\inf2cat-expand.12112.read.1.tlog
c:\users\cyfi\desktop\s2e-win-utils-src\source\s2e\guest\windows\driver\release\driver.tlog\inf2cat-expand.12112.write.1.tlog
c:\users\cyfi\desktop\s2e-win-utils-src\source\s2e\guest\windows\driver\release\driver.tlog\inf2cat-expand.12200.read.1.tlog
c:\users\cyfi\desktop\s2e-win-utils-src\source\s2e\guest\windows\driver\release\driver.tlog\inf2cat-expand.12200.write.1.tlog
c:\users\cyfi\desktop\s2e-win-utils-src\source\s2e\guest\windows\driver\release\driver.tlog\inf2cat-expand.12208.read.1.tlog
c:\users\cyfi\desktop\s2e-win-utils-src\source\s2e\guest\windows\driver\release\driver.tlog\inf2cat-expand.12208.write.1.tlog
c:\users\cyfi\desktop\s2e-win-utils-src\source\s2e\guest\windows\driver\release\driver.tlog\inf2cat-expand.1228.read.1.tlog
c:\users\cyfi\desktop\s2e-win-utils-src\source\s2e\guest\windows\driver\release\driver.tlog\inf2cat-expand.1228.write.1.tlog
c:\users\cyfi\desktop\s2e-win-utils-src\source\s2e\guest\windows\driver\release\driver.tlog\inf2cat-expand.1508.read.1.tlog
c:\users\cyfi\desktop\s2e-win-utils-src\source\s2e\guest\windows\driver\release\driver.tlog\inf2cat-expand.1508.write.1.tlog
c:\users\cyfi\desktop\s2e-win-utils-src\source\s2e\guest\windows\driver\release\driver.tlog\inf2cat-expand.172.read.1.tlog
c:\users\cyfi\desktop\s2e-win-utils-src\source\s2e\guest\windows\driver\release\driver.tlog\inf2cat-expand.172.write.1.tlog
c:\users\cyfi\desktop\s2e-win-utils-src\source\s2e\guest\windows\driver\release\driver.tlog\inf2cat-expand.1940.read.1.tlog
c:\users\cyfi\desktop\s2e-win-utils-src\source\s2e\guest\windows\driver\release\driver.tlog\inf2cat-expand.1940.write.1.tlog
c:\users\cyfi\desktop\s2e-win-utils-src\source\s2e\guest\windows\driver\release\driver.tlog\inf2cat-expand.1948.read.1.tlog
c:\users\cyfi\desktop\s2e-win-utils-src\source\s2e\guest\windows\driver\release\driver.tlog\inf2cat-expand.1948.write.1.tlog
c:\users\cyfi\desktop\s2e-win-utils-src\source\s2e\guest\windows\driver\release\driver.tlog\inf2cat-expand.2012.read.1.tlog
c:\users\cyfi\desktop\s2e-win-utils-src\source\s2e\guest\windows\driver\release\driver.tlog\inf2cat-expand.2012.write.1.tlog
c:\users\cyfi\desktop\s2e-win-utils-src\source\s2e\guest\windows\driver\release\driver.tlog\inf2cat-expand.2088.read.1.tlog
c:\users\cyfi\desktop\s2e-win-utils-src\source\s2e\guest\windows\driver\release\driver.tlog\inf2cat-expand.2088.write.1.tlog
c:\users\cyfi\desktop\s2e-win-utils-src\source\s2e\guest\windows\driver\release\driver.tlog\inf2cat-expand.2332.read.1.tlog
c:\users\cyfi\desktop\s2e-win-utils-src\source\s2e\guest\windows\driver\release\driver.tlog\inf2cat-expand.2332.write.1.tlog
c:\users\cyfi\desktop\s2e-win-utils-src\source\s2e\guest\windows\driver\release\driver.tlog\inf2cat-expand.2340.read.1.tlog
c:\users\cyfi\desktop\s2e-win-utils-src\source\s2e\guest\windows\driver\release\driver.tlog\inf2cat-expand.2340.write.1.tlog
c:\users\cyfi\desktop\s2e-win-utils-src\source\s2e\guest\windows\driver\release\driver.tlog\inf2cat-expand.2480.read.1.tlog
c:\users\cyfi\desktop\s2e-win-utils-src\source\s2e\guest\windows\driver\release\driver.tlog\inf2cat-expand.2480.write.1.tlog
c:\users\cyfi\desktop\s2e-win-utils-src\source\s2e\guest\windows\driver\release\driver.tlog\inf2cat-expand.2540.read.1.tlog
c:\users\cyfi\desktop\s2e-win-utils-src\source\s2e\guest\windows\driver\release\driver.tlog\inf2cat-expand.2540.write.1.tlog
c:\users\cyfi\desktop\s2e-win-utils-src\source\s2e\guest\windows\driver\release\driver.tlog\inf2cat-expand.2668.read.1.tlog
c:\users\cyfi\desktop\s2e-win-utils-src\source\s2e\guest\windows\driver\release\driver.tlog\inf2cat-expand.2668.write.1.tlog
c:\users\cyfi\desktop\s2e-win-utils-src\source\s2e\guest\windows\driver\release\driver.tlog\inf2cat-expand.2768.read.1.tlog
c:\users\cyfi\desktop\s2e-win-utils-src\source\s2e\guest\windows\driver\release\driver.tlog\inf2cat-expand.2768.write.1.tlog
c:\users\cyfi\desktop\s2e-win-utils-src\source\s2e\guest\windows\driver\release\driver.tlog\inf2cat-expand.2788.read.1.tlog
c:\users\cyfi\desktop\s2e-win-utils-src\source\s2e\guest\windows\driver\release\driver.tlog\inf2cat-expand.2788.write.1.tlog
c:\users\cyfi\desktop\s2e-win-utils-src\source\s2e\guest\windows\driver\release\driver.tlog\inf2cat-expand.2796.read.1.tlog
c:\users\cyfi\desktop\s2e-win-utils-src\source\s2e\guest\windows\driver\release\driver.tlog\inf2cat-expand.2796.write.1.tlog
c:\users\cyfi\desktop\s2e-win-utils-src\source\s2e\guest\windows\driver\release\driver.tlog\inf2cat-expand.2800.read.1.tlog
c:\users\cyfi\desktop\s2e-win-utils-src\source\s2e\guest\windows\driver\release\driver.tlog\inf2cat-expand.2800.write.1.tlog
c:\users\cyfi\desktop\s2e-win-utils-src\source\s2e\guest\windows\driver\release\driver.tlog\inf2cat-expand.2804.read.1.tlog
c:\users\cyfi\desktop\s2e-win-utils-src\source\s2e\guest\windows\driver\release\driver.tlog\inf2cat-expand.2804.write.1.tlog
c:\users\cyfi\desktop\s2e-win-utils-src\source\s2e\guest\windows\driver\release\driver.tlog\inf2cat-expand.2856.read.1.tlog
c:\users\cyfi\desktop\s2e-win-utils-src\source\s2e\guest\windows\driver\release\driver.tlog\inf2cat-expand.2856.write.1.tlog
c:\users\cyfi\desktop\s2e-win-utils-src\source\s2e\guest\windows\driver\release\driver.tlog\inf2cat-expand.2860.read.1.tlog
c:\users\cyfi\desktop\s2e-win-utils-src\source\s2e\guest\windows\driver\release\driver.tlog\inf2cat-expand.2860.write.1.tlog
c:\users\cyfi\desktop\s2e-win-utils-src\source\s2e\guest\windows\driver\release\driver.tlog\inf2cat-expand.2868.read.1.tlog
c:\users\cyfi\desktop\s2e-win-utils-src\source\s2e\guest\windows\driver\release\driver.tlog\inf2cat-expand.2868.write.1.tlog
c:\users\cyfi\desktop\s2e-win-utils-src\source\s2e\guest\windows\driver\release\driver.tlog\inf2cat-expand.3104.read.1.tlog
c:\users\cyfi\desktop\s2e-win-utils-src\source\s2e\guest\windows\driver\release\driver.tlog\inf2cat-expand.3104.write.1.tlog
c:\users\cyfi\desktop\s2e-win-utils-src\source\s2e\guest\windows\driver\release\driver.tlog\inf2cat-expand.3108.read.1.tlog
c:\users\cyfi\desktop\s2e-win-utils-src\source\s2e\guest\windows\driver\release\driver.tlog\inf2cat-expand.3108.write.1.tlog
c:\users\cyfi\desktop\s2e-win-utils-src\source\s2e\guest\windows\driver\release\driver.tlog\inf2cat-expand.3160.read.1.tlog
c:\users\cyfi\desktop\s2e-win-utils-src\source\s2e\guest\windows\driver\release\driver.tlog\inf2cat-expand.3160.write.1.tlog
c:\users\cyfi\desktop\s2e-win-utils-src\source\s2e\guest\windows\driver\release\driver.tlog\inf2cat-expand.3172.read.1.tlog
c:\users\cyfi\desktop\s2e-win-utils-src\source\s2e\guest\windows\driver\release\driver.tlog\inf2cat-expand.3172.write.1.tlog
c:\users\cyfi\desktop\s2e-win-utils-src\source\s2e\guest\windows\driver\release\driver.tlog\inf2cat-expand.3204.read.1.tlog
c:\users\cyfi\desktop\s2e-win-utils-src\source\s2e\guest\windows\driver\release\driver.tlog\inf2cat-expand.3204.write.1.tlog
c:\users\cyfi\desktop\s2e-win-utils-src\source\s2e\guest\windows\driver\release\driver.tlog\inf2cat-expand.3236.read.1.tlog
c:\users\cyfi\desktop\s2e-win-utils-src\source\s2e\guest\windows\driver\release\driver.tlog\inf2cat-expand.3236.write.1.tlog
c:\users\cyfi\desktop\s2e-win-utils-src\source\s2e\guest\windows\driver\release\driver.tlog\inf2cat-expand.3272.read.1.tlog
c:\users\cyfi\desktop\s2e-win-utils-src\source\s2e\guest\windows\driver\release\driver.tlog\inf2cat-expand.3272.write.1.tlog
c:\users\cyfi\desktop\s2e-win-utils-src\source\s2e\guest\windows\driver\release\driver.tlog\inf2cat-expand.3300.read.1.tlog
c:\users\cyfi\desktop\s2e-win-utils-src\source\s2e\guest\windows\driver\release\driver.tlog\inf2cat-expand.3300.write.1.tlog
c:\users\cyfi\desktop\s2e-win-utils-src\source\s2e\guest\windows\driver\release\driver.tlog\inf2cat-expand.3348.read.1.tlog
c:\users\cyfi\desktop\s2e-win-utils-src\source\s2e\guest\windows\driver\release\driver.tlog\inf2cat-expand.3348.write.1.tlog
c:\users\cyfi\desktop\s2e-win-utils-src\source\s2e\guest\windows\driver\release\driver.tlog\inf2cat-expand.3360.read.1.tlog
c:\users\cyfi\desktop\s2e-win-utils-src\source\s2e\guest\windows\driver\release\driver.tlog\inf2cat-expand.3360.write.1.tlog
c:\users\cyfi\desktop\s2e-win-utils-src\source\s2e\guest\windows\driver\release\driver.tlog\inf2cat-expand.3444.read.1.tlog
c:\users\cyfi\desktop\s2e-win-utils-src\source\s2e\guest\windows\driver\release\driver.tlog\inf2cat-expand.3444.write.1.tlog
c:\users\cyfi\desktop\s2e-win-utils-src\source\s2e\guest\windows\driver\release\driver.tlog\inf2cat-expand.3448.read.1.tlog
c:\users\cyfi\desktop\s2e-win-utils-src\source\s2e\guest\windows\driver\release\driver.tlog\inf2cat-expand.3448.write.1.tlog
c:\users\cyfi\desktop\s2e-win-utils-src\source\s2e\guest\windows\driver\release\driver.tlog\inf2cat-expand.3504.read.1.tlog
c:\users\cyfi\desktop\s2e-win-utils-src\source\s2e\guest\windows\driver\release\driver.tlog\inf2cat-expand.3504.write.1.tlog
c:\users\cyfi\desktop\s2e-win-utils-src\source\s2e\guest\windows\driver\release\driver.tlog\inf2cat-expand.3524.read.1.tlog
c:\users\cyfi\desktop\s2e-win-utils-src\source\s2e\guest\windows\driver\release\driver.tlog\inf2cat-expand.3524.write.1.tlog
c:\users\cyfi\desktop\s2e-win-utils-src\source\s2e\guest\windows\driver\release\driver.tlog\inf2cat-expand.3536.read.1.tlog
c:\users\cyfi\desktop\s2e-win-utils-src\source\s2e\guest\windows\driver\release\driver.tlog\inf2cat-expand.3536.write.1.tlog
c:\users\cyfi\desktop\s2e-win-utils-src\source\s2e\guest\windows\driver\release\driver.tlog\inf2cat-expand.3696.read.1.tlog
c:\users\cyfi\desktop\s2e-win-utils-src\source\s2e\guest\windows\driver\release\driver.tlog\inf2cat-expand.3696.write.1.tlog
c:\users\cyfi\desktop\s2e-win-utils-src\source\s2e\guest\windows\driver\release\driver.tlog\inf2cat-expand.3772.read.1.tlog
c:\users\cyfi\desktop\s2e-win-utils-src\source\s2e\guest\windows\driver\release\driver.tlog\inf2cat-expand.3772.write.1.tlog
c:\users\cyfi\desktop\s2e-win-utils-src\source\s2e\guest\windows\driver\release\driver.tlog\inf2cat-expand.3820.read.1.tlog
c:\users\cyfi\desktop\s2e-win-utils-src\source\s2e\guest\windows\driver\release\driver.tlog\inf2cat-expand.3820.write.1.tlog
c:\users\cyfi\desktop\s2e-win-utils-src\source\s2e\guest\windows\driver\release\driver.tlog\inf2cat-expand.4004.read.1.tlog
c:\users\cyfi\desktop\s2e-win-utils-src\source\s2e\guest\windows\driver\release\driver.tlog\inf2cat-expand.4004.write.1.tlog
c:\users\cyfi\desktop\s2e-win-utils-src\source\s2e\guest\windows\driver\release\driver.tlog\inf2cat-expand.4032.read.1.tlog
c:\users\cyfi\desktop\s2e-win-utils-src\source\s2e\guest\windows\driver\release\driver.tlog\inf2cat-expand.4032.write.1.tlog
c:\users\cyfi\desktop\s2e-win-utils-src\source\s2e\guest\windows\driver\release\driver.tlog\inf2cat-expand.4116.read.1.tlog
c:\users\cyfi\desktop\s2e-win-utils-src\source\s2e\guest\windows\driver\release\driver.tlog\inf2cat-expand.4116.write.1.tlog
c:\users\cyfi\desktop\s2e-win-utils-src\source\s2e\guest\windows\driver\release\driver.tlog\inf2cat-expand.4144.read.1.tlog
c:\users\cyfi\desktop\s2e-win-utils-src\source\s2e\guest\windows\driver\release\driver.tlog\inf2cat-expand.4144.write.1.tlog
c:\users\cyfi\desktop\s2e-win-utils-src\source\s2e\guest\windows\driver\release\driver.tlog\inf2cat-expand.4192.read.1.tlog
c:\users\cyfi\desktop\s2e-win-utils-src\source\s2e\guest\windows\driver\release\driver.tlog\inf2cat-expand.4192.write.1.tlog
c:\users\cyfi\desktop\s2e-win-utils-src\source\s2e\guest\windows\driver\release\driver.tlog\inf2cat-expand.4200.read.1.tlog
c:\users\cyfi\desktop\s2e-win-utils-src\source\s2e\guest\windows\driver\release\driver.tlog\inf2cat-expand.4200.write.1.tlog
c:\users\cyfi\desktop\s2e-win-utils-src\source\s2e\guest\windows\driver\release\driver.tlog\inf2cat-expand.4248.read.1.tlog
c:\users\cyfi\desktop\s2e-win-utils-src\source\s2e\guest\windows\driver\release\driver.tlog\inf2cat-expand.4248.write.1.tlog
c:\users\cyfi\desktop\s2e-win-utils-src\source\s2e\guest\windows\driver\release\driver.tlog\inf2cat-expand.4368.read.1.tlog
c:\users\cyfi\desktop\s2e-win-utils-src\source\s2e\guest\windows\driver\release\driver.tlog\inf2cat-expand.4368.write.1.tlog
c:\users\cyfi\desktop\s2e-win-utils-src\source\s2e\guest\windows\driver\release\driver.tlog\inf2cat-expand.4388.read.1.tlog
c:\users\cyfi\desktop\s2e-win-utils-src\source\s2e\guest\windows\driver\release\driver.tlog\inf2cat-expand.4388.write.1.tlog
c:\users\cyfi\desktop\s2e-win-utils-src\source\s2e\guest\windows\driver\release\driver.tlog\inf2cat-expand.4452.read.1.tlog
c:\users\cyfi\desktop\s2e-win-utils-src\source\s2e\guest\windows\driver\release\driver.tlog\inf2cat-expand.4452.write.1.tlog
c:\users\cyfi\desktop\s2e-win-utils-src\source\s2e\guest\windows\driver\release\driver.tlog\inf2cat-expand.4496.read.1.tlog
c:\users\cyfi\desktop\s2e-win-utils-src\source\s2e\guest\windows\driver\release\driver.tlog\inf2cat-expand.4496.write.1.tlog
c:\users\cyfi\desktop\s2e-win-utils-src\source\s2e\guest\windows\driver\release\driver.tlog\inf2cat-expand.4516.read.1.tlog
c:\users\cyfi\desktop\s2e-win-utils-src\source\s2e\guest\windows\driver\release\driver.tlog\inf2cat-expand.4516.write.1.tlog
c:\users\cyfi\desktop\s2e-win-utils-src\source\s2e\guest\windows\driver\release\driver.tlog\inf2cat-expand.4548.read.1.tlog
c:\users\cyfi\desktop\s2e-win-utils-src\source\s2e\guest\windows\driver\release\driver.tlog\inf2cat-expand.4548.write.1.tlog
c:\users\cyfi\desktop\s2e-win-utils-src\source\s2e\guest\windows\driver\release\driver.tlog\inf2cat-expand.4592.read.1.tlog
c:\users\cyfi\desktop\s2e-win-utils-src\source\s2e\guest\windows\driver\release\driver.tlog\inf2cat-expand.4592.write.1.tlog
c:\users\cyfi\desktop\s2e-win-utils-src\source\s2e\guest\windows\driver\release\driver.tlog\inf2cat-expand.4780.read.1.tlog
c:\users\cyfi\desktop\s2e-win-utils-src\source\s2e\guest\windows\driver\release\driver.tlog\inf2cat-expand.4780.write.1.tlog
c:\users\cyfi\desktop\s2e-win-utils-src\source\s2e\guest\windows\driver\release\driver.tlog\inf2cat-expand.4800.read.1.tlog
c:\users\cyfi\desktop\s2e-win-utils-src\source\s2e\guest\windows\driver\release\driver.tlog\inf2cat-expand.4800.write.1.tlog
c:\users\cyfi\desktop\s2e-win-utils-src\source\s2e\guest\windows\driver\release\driver.tlog\inf2cat-expand.4820.read.1.tlog
c:\users\cyfi\desktop\s2e-win-utils-src\source\s2e\guest\windows\driver\release\driver.tlog\inf2cat-expand.4820.write.1.tlog
c:\users\cyfi\desktop\s2e-win-utils-src\source\s2e\guest\windows\driver\release\driver.tlog\inf2cat-expand.4828.read.1.tlog
c:\users\cyfi\desktop\s2e-win-utils-src\source\s2e\guest\windows\driver\release\driver.tlog\inf2cat-expand.4828.write.1.tlog
c:\users\cyfi\desktop\s2e-win-utils-src\source\s2e\guest\windows\driver\release\driver.tlog\inf2cat-expand.4840.read.1.tlog
c:\users\cyfi\desktop\s2e-win-utils-src\source\s2e\guest\windows\driver\release\driver.tlog\inf2cat-expand.4840.write.1.tlog
c:\users\cyfi\desktop\s2e-win-utils-src\source\s2e\guest\windows\driver\release\driver.tlog\inf2cat-expand.4852.read.1.tlog
c:\users\cyfi\desktop\s2e-win-utils-src\source\s2e\guest\windows\driver\release\driver.tlog\inf2cat-expand.4852.write.1.tlog
c:\users\cyfi\desktop\s2e-win-utils-src\source\s2e\guest\windows\driver\release\driver.tlog\inf2cat-expand.4888.read.1.tlog
c:\users\cyfi\desktop\s2e-win-utils-src\source\s2e\guest\windows\driver\release\driver.tlog\inf2cat-expand.4888.write.1.tlog
c:\users\cyfi\desktop\s2e-win-utils-src\source\s2e\guest\windows\driver\release\driver.tlog\inf2cat-expand.4956.read.1.tlog
c:\users\cyfi\desktop\s2e-win-utils-src\source\s2e\guest\windows\driver\release\driver.tlog\inf2cat-expand.4956.write.1.tlog
c:\users\cyfi\desktop\s2e-win-utils-src\source\s2e\guest\windows\driver\release\driver.tlog\inf2cat-expand.4984.read.1.tlog
c:\users\cyfi\desktop\s2e-win-utils-src\source\s2e\guest\windows\driver\release\driver.tlog\inf2cat-expand.4984.write.1.tlog
c:\users\cyfi\desktop\s2e-win-utils-src\source\s2e\guest\windows\driver\release\driver.tlog\inf2cat-expand.5004.read.1.tlog
c:\users\cyfi\desktop\s2e-win-utils-src\source\s2e\guest\windows\driver\release\driver.tlog\inf2cat-expand.5004.write.1.tlog
c:\users\cyfi\desktop\s2e-win-utils-src\source\s2e\guest\windows\driver\release\driver.tlog\inf2cat-expand.5040.read.1.tlog
c:\users\cyfi\desktop\s2e-win-utils-src\source\s2e\guest\windows\driver\release\driver.tlog\inf2cat-expand.5040.write.1.tlog
c:\users\cyfi\desktop\s2e-win-utils-src\source\s2e\guest\windows\driver\release\driver.tlog\inf2cat-expand.5072.read.1.tlog
c:\users\cyfi\desktop\s2e-win-utils-src\source\s2e\guest\windows\driver\release\driver.tlog\inf2cat-expand.5072.write.1.tlog
c:\users\cyfi\desktop\s2e-win-utils-src\source\s2e\guest\windows\driver\release\driver.tlog\inf2cat-expand.5088.read.1.tlog
c:\users\cyfi\desktop\s2e-win-utils-src\source\s2e\guest\windows\driver\release\driver.tlog\inf2cat-expand.5088.write.1.tlog
c:\users\cyfi\desktop\s2e-win-utils-src\source\s2e\guest\windows\driver\release\driver.tlog\inf2cat-expand.5148.read.1.tlog
c:\users\cyfi\desktop\s2e-win-utils-src\source\s2e\guest\windows\driver\release\driver.tlog\inf2cat-expand.5148.write.1.tlog
c:\users\cyfi\desktop\s2e-win-utils-src\source\s2e\guest\windows\driver\release\driver.tlog\inf2cat-expand.5200.read.1.tlog
c:\users\cyfi\desktop\s2e-win-utils-src\source\s2e\guest\windows\driver\release\driver.tlog\inf2cat-expand.5200.write.1.tlog
c:\users\cyfi\desktop\s2e-win-utils-src\source\s2e\guest\windows\driver\release\driver.tlog\inf2cat-expand.5232.read.1.tlog
c:\users\cyfi\desktop\s2e-win-utils-src\source\s2e\guest\windows\driver\release\driver.tlog\inf2cat-expand.5232.write.1.tlog
c:\users\cyfi\desktop\s2e-win-utils-src\source\s2e\guest\windows\driver\release\driver.tlog\inf2cat-expand.5240.read.1.tlog
c:\users\cyfi\desktop\s2e-win-utils-src\source\s2e\guest\windows\driver\release\driver.tlog\inf2cat-expand.5240.write.1.tlog
c:\users\cyfi\desktop\s2e-win-utils-src\source\s2e\guest\windows\driver\release\driver.tlog\inf2cat-expand.5248.read.1.tlog
c:\users\cyfi\desktop\s2e-win-utils-src\source\s2e\guest\windows\driver\release\driver.tlog\inf2cat-expand.5248.write.1.tlog
c:\users\cyfi\desktop\s2e-win-utils-src\source\s2e\guest\windows\driver\release\driver.tlog\inf2cat-expand.5308.read.1.tlog
c:\users\cyfi\desktop\s2e-win-utils-src\source\s2e\guest\windows\driver\release\driver.tlog\inf2cat-expand.5308.write.1.tlog
c:\users\cyfi\desktop\s2e-win-utils-src\source\s2e\guest\windows\driver\release\driver.tlog\inf2cat-expand.5336.read.1.tlog
c:\users\cyfi\desktop\s2e-win-utils-src\source\s2e\guest\windows\driver\release\driver.tlog\inf2cat-expand.5336.write.1.tlog
c:\users\cyfi\desktop\s2e-win-utils-src\source\s2e\guest\windows\driver\release\driver.tlog\inf2cat-expand.5380.read.1.tlog
c:\users\cyfi\desktop\s2e-win-utils-src\source\s2e\guest\windows\driver\release\driver.tlog\inf2cat-expand.5380.write.1.tlog
c:\users\cyfi\desktop\s2e-win-utils-src\source\s2e\guest\windows\driver\release\driver.tlog\inf2cat-expand.5476.read.1.tlog
c:\users\cyfi\desktop\s2e-win-utils-src\source\s2e\guest\windows\driver\release\driver.tlog\inf2cat-expand.5476.write.1.tlog
c:\users\cyfi\desktop\s2e-win-utils-src\source\s2e\guest\windows\driver\release\driver.tlog\inf2cat-expand.5544.read.1.tlog
c:\users\cyfi\desktop\s2e-win-utils-src\source\s2e\guest\windows\driver\release\driver.tlog\inf2cat-expand.5544.write.1.tlog
c:\users\cyfi\desktop\s2e-win-utils-src\source\s2e\guest\windows\driver\release\driver.tlog\inf2cat-expand.5612.read.1.tlog
c:\users\cyfi\desktop\s2e-win-utils-src\source\s2e\guest\windows\driver\release\driver.tlog\inf2cat-expand.5612.write.1.tlog
c:\users\cyfi\desktop\s2e-win-utils-src\source\s2e\guest\windows\driver\release\driver.tlog\inf2cat-expand.5632.read.1.tlog
c:\users\cyfi\desktop\s2e-win-utils-src\source\s2e\guest\windows\driver\release\driver.tlog\inf2cat-expand.5632.write.1.tlog
c:\users\cyfi\desktop\s2e-win-utils-src\source\s2e\guest\windows\driver\release\driver.tlog\inf2cat-expand.5772.read.1.tlog
c:\users\cyfi\desktop\s2e-win-utils-src\source\s2e\guest\windows\driver\release\driver.tlog\inf2cat-expand.5772.write.1.tlog
c:\users\cyfi\desktop\s2e-win-utils-src\source\s2e\guest\windows\driver\release\driver.tlog\inf2cat-expand.5776.read.1.tlog
c:\users\cyfi\desktop\s2e-win-utils-src\source\s2e\guest\windows\driver\release\driver.tlog\inf2cat-expand.5776.write.1.tlog
c:\users\cyfi\desktop\s2e-win-utils-src\source\s2e\guest\windows\driver\release\driver.tlog\inf2cat-expand.5804.read.1.tlog
c:\users\cyfi\desktop\s2e-win-utils-src\source\s2e\guest\windows\driver\release\driver.tlog\inf2cat-expand.5804.write.1.tlog
c:\users\cyfi\desktop\s2e-win-utils-src\source\s2e\guest\windows\driver\release\driver.tlog\inf2cat-expand.6036.read.1.tlog
c:\users\cyfi\desktop\s2e-win-utils-src\source\s2e\guest\windows\driver\release\driver.tlog\inf2cat-expand.6036.write.1.tlog
c:\users\cyfi\desktop\s2e-win-utils-src\source\s2e\guest\windows\driver\release\driver.tlog\inf2cat-expand.6092.read.1.tlog
c:\users\cyfi\desktop\s2e-win-utils-src\source\s2e\guest\windows\driver\release\driver.tlog\inf2cat-expand.6092.write.1.tlog
c:\users\cyfi\desktop\s2e-win-utils-src\source\s2e\guest\windows\driver\release\driver.tlog\inf2cat-expand.6244.read.1.tlog
c:\users\cyfi\desktop\s2e-win-utils-src\source\s2e\guest\windows\driver\release\driver.tlog\inf2cat-expand.6244.write.1.tlog
c:\users\cyfi\desktop\s2e-win-utils-src\source\s2e\guest\windows\driver\release\driver.tlog\inf2cat-expand.6248.read.1.tlog
c:\users\cyfi\desktop\s2e-win-utils-src\source\s2e\guest\windows\driver\release\driver.tlog\inf2cat-expand.6248.write.1.tlog
c:\users\cyfi\desktop\s2e-win-utils-src\source\s2e\guest\windows\driver\release\driver.tlog\inf2cat-expand.6480.read.1.tlog
c:\users\cyfi\desktop\s2e-win-utils-src\source\s2e\guest\windows\driver\release\driver.tlog\inf2cat-expand.6480.write.1.tlog
c:\users\cyfi\desktop\s2e-win-utils-src\source\s2e\guest\windows\driver\release\driver.tlog\inf2cat-expand.6492.read.1.tlog
c:\users\cyfi\desktop\s2e-win-utils-src\source\s2e\guest\windows\driver\release\driver.tlog\inf2cat-expand.6492.write.1.tlog
c:\users\cyfi\desktop\s2e-win-utils-src\source\s2e\guest\windows\driver\release\driver.tlog\inf2cat-expand.6644.read.1.tlog
c:\users\cyfi\desktop\s2e-win-utils-src\source\s2e\guest\windows\driver\release\driver.tlog\inf2cat-expand.6644.write.1.tlog
c:\users\cyfi\desktop\s2e-win-utils-src\source\s2e\guest\windows\driver\release\driver.tlog\inf2cat-expand.6660.read.1.tlog
c:\users\cyfi\desktop\s2e-win-utils-src\source\s2e\guest\windows\driver\release\driver.tlog\inf2cat-expand.6660.write.1.tlog
c:\users\cyfi\desktop\s2e-win-utils-src\source\s2e\guest\windows\driver\release\driver.tlog\inf2cat-expand.6716.read.1.tlog
c:\users\cyfi\desktop\s2e-win-utils-src\source\s2e\guest\windows\driver\release\driver.tlog\inf2cat-expand.6716.write.1.tlog
c:\users\cyfi\desktop\s2e-win-utils-src\source\s2e\guest\windows\driver\release\driver.tlog\inf2cat-expand.6728.read.1.tlog
c:\users\cyfi\desktop\s2e-win-utils-src\source\s2e\guest\windows\driver\release\driver.tlog\inf2cat-expand.6728.write.1.tlog
c:\users\cyfi\desktop\s2e-win-utils-src\source\s2e\guest\windows\driver\release\driver.tlog\inf2cat-expand.6820.read.1.tlog
c:\users\cyfi\desktop\s2e-win-utils-src\source\s2e\guest\windows\driver\release\driver.tlog\inf2cat-expand.6820.write.1.tlog
c:\users\cyfi\desktop\s2e-win-utils-src\source\s2e\guest\windows\driver\release\driver.tlog\inf2cat-expand.6836.read.1.tlog
c:\users\cyfi\desktop\s2e-win-utils-src\source\s2e\guest\windows\driver\release\driver.tlog\inf2cat-expand.6836.write.1.tlog
c:\users\cyfi\desktop\s2e-win-utils-src\source\s2e\guest\windows\driver\release\driver.tlog\inf2cat-expand.6900.read.1.tlog
c:\users\cyfi\desktop\s2e-win-utils-src\source\s2e\guest\windows\driver\release\driver.tlog\inf2cat-expand.6900.write.1.tlog
c:\users\cyfi\desktop\s2e-win-utils-src\source\s2e\guest\windows\driver\release\driver.tlog\inf2cat-expand.6956.read.1.tlog
c:\users\cyfi\desktop\s2e-win-utils-src\source\s2e\guest\windows\driver\release\driver.tlog\inf2cat-expand.6956.write.1.tlog
c:\users\cyfi\desktop\s2e-win-utils-src\source\s2e\guest\windows\driver\release\driver.tlog\inf2cat-expand.6964.read.1.tlog
c:\users\cyfi\desktop\s2e-win-utils-src\source\s2e\guest\windows\driver\release\driver.tlog\inf2cat-expand.6964.write.1.tlog
c:\users\cyfi\desktop\s2e-win-utils-src\source\s2e\guest\windows\driver\release\driver.tlog\inf2cat-expand.6992.read.1.tlog
c:\users\cyfi\desktop\s2e-win-utils-src\source\s2e\guest\windows\driver\release\driver.tlog\inf2cat-expand.6992.write.1.tlog
c:\users\cyfi\desktop\s2e-win-utils-src\source\s2e\guest\windows\driver\release\driver.tlog\inf2cat-expand.7136.read.1.tlog
c:\users\cyfi\desktop\s2e-win-utils-src\source\s2e\guest\windows\driver\release\driver.tlog\inf2cat-expand.7136.write.1.tlog
c:\users\cyfi\desktop\s2e-win-utils-src\source\s2e\guest\windows\driver\release\driver.tlog\inf2cat-expand.7156.read.1.tlog
c:\users\cyfi\desktop\s2e-win-utils-src\source\s2e\guest\windows\driver\release\driver.tlog\inf2cat-expand.7156.write.1.tlog
c:\users\cyfi\desktop\s2e-win-utils-src\source\s2e\guest\windows\driver\release\driver.tlog\inf2cat-expand.7220.read.1.tlog
c:\users\cyfi\desktop\s2e-win-utils-src\source\s2e\guest\windows\driver\release\driver.tlog\inf2cat-expand.7220.write.1.tlog
c:\users\cyfi\desktop\s2e-win-utils-src\source\s2e\guest\windows\driver\release\driver.tlog\inf2cat-expand.7268.read.1.tlog
c:\users\cyfi\desktop\s2e-win-utils-src\source\s2e\guest\windows\driver\release\driver.tlog\inf2cat-expand.7268.write.1.tlog
c:\users\cyfi\desktop\s2e-win-utils-src\source\s2e\guest\windows\driver\release\driver.tlog\inf2cat-expand.7336.read.1.tlog
c:\users\cyfi\desktop\s2e-win-utils-src\source\s2e\guest\windows\driver\release\driver.tlog\inf2cat-expand.7336.write.1.tlog
c:\users\cyfi\desktop\s2e-win-utils-src\source\s2e\guest\windows\driver\release\driver.tlog\inf2cat-expand.7344.read.1.tlog
c:\users\cyfi\desktop\s2e-win-utils-src\source\s2e\guest\windows\driver\release\driver.tlog\inf2cat-expand.7344.write.1.tlog
c:\users\cyfi\desktop\s2e-win-utils-src\source\s2e\guest\windows\driver\release\driver.tlog\inf2cat-expand.7348.read.1.tlog
c:\users\cyfi\desktop\s2e-win-utils-src\source\s2e\guest\windows\driver\release\driver.tlog\inf2cat-expand.7348.write.1.tlog
c:\users\cyfi\desktop\s2e-win-utils-src\source\s2e\guest\windows\driver\release\driver.tlog\inf2cat-expand.7420.read.1.tlog
c:\users\cyfi\desktop\s2e-win-utils-src\source\s2e\guest\windows\driver\release\driver.tlog\inf2cat-expand.7420.write.1.tlog
c:\users\cyfi\desktop\s2e-win-utils-src\source\s2e\guest\windows\driver\release\driver.tlog\inf2cat-expand.7584.read.1.tlog
c:\users\cyfi\desktop\s2e-win-utils-src\source\s2e\guest\windows\driver\release\driver.tlog\inf2cat-expand.7584.write.1.tlog
c:\users\cyfi\desktop\s2e-win-utils-src\source\s2e\guest\windows\driver\release\driver.tlog\inf2cat-expand.7592.read.1.tlog
c:\users\cyfi\desktop\s2e-win-utils-src\source\s2e\guest\windows\driver\release\driver.tlog\inf2cat-expand.7592.write.1.tlog
c:\users\cyfi\desktop\s2e-win-utils-src\source\s2e\guest\windows\driver\release\driver.tlog\inf2cat-expand.7620.read.1.tlog
c:\users\cyfi\desktop\s2e-win-utils-src\source\s2e\guest\windows\driver\release\driver.tlog\inf2cat-expand.7620.write.1.tlog
c:\users\cyfi\desktop\s2e-win-utils-src\source\s2e\guest\windows\driver\release\driver.tlog\inf2cat-expand.7624.read.1.tlog
c:\users\cyfi\desktop\s2e-win-utils-src\source\s2e\guest\windows\driver\release\driver.tlog\inf2cat-expand.7624.write.1.tlog
c:\users\cyfi\desktop\s2e-win-utils-src\source\s2e\guest\windows\driver\release\driver.tlog\inf2cat-expand.7652.read.1.tlog
c:\users\cyfi\desktop\s2e-win-utils-src\source\s2e\guest\windows\driver\release\driver.tlog\inf2cat-expand.7652.write.1.tlog
c:\users\cyfi\desktop\s2e-win-utils-src\source\s2e\guest\windows\driver\release\driver.tlog\inf2cat-expand.7692.read.1.tlog
c:\users\cyfi\desktop\s2e-win-utils-src\source\s2e\guest\windows\driver\release\driver.tlog\inf2cat-expand.7692.write.1.tlog
c:\users\cyfi\desktop\s2e-win-utils-src\source\s2e\guest\windows\driver\release\driver.tlog\inf2cat-expand.7724.read.1.tlog
c:\users\cyfi\desktop\s2e-win-utils-src\source\s2e\guest\windows\driver\release\driver.tlog\inf2cat-expand.7724.write.1.tlog
c:\users\cyfi\desktop\s2e-win-utils-src\source\s2e\guest\windows\driver\release\driver.tlog\inf2cat-expand.7776.read.1.tlog
c:\users\cyfi\desktop\s2e-win-utils-src\source\s2e\guest\windows\driver\release\driver.tlog\inf2cat-expand.7776.write.1.tlog
c:\users\cyfi\desktop\s2e-win-utils-src\source\s2e\guest\windows\driver\release\driver.tlog\inf2cat-expand.7780.read.1.tlog
c:\users\cyfi\desktop\s2e-win-utils-src\source\s2e\guest\windows\driver\release\driver.tlog\inf2cat-expand.7780.write.1.tlog
c:\users\cyfi\desktop\s2e-win-utils-src\source\s2e\guest\windows\driver\release\driver.tlog\inf2cat-expand.7792.read.1.tlog
c:\users\cyfi\desktop\s2e-win-utils-src\source\s2e\guest\windows\driver\release\driver.tlog\inf2cat-expand.7792.write.1.tlog
c:\users\cyfi\desktop\s2e-win-utils-src\source\s2e\guest\windows\driver\release\driver.tlog\inf2cat-expand.7808.read.1.tlog
c:\users\cyfi\desktop\s2e-win-utils-src\source\s2e\guest\windows\driver\release\driver.tlog\inf2cat-expand.7808.write.1.tlog
c:\users\cyfi\desktop\s2e-win-utils-src\source\s2e\guest\windows\driver\release\driver.tlog\inf2cat-expand.7868.read.1.tlog
c:\users\cyfi\desktop\s2e-win-utils-src\source\s2e\guest\windows\driver\release\driver.tlog\inf2cat-expand.7868.write.1.tlog
c:\users\cyfi\desktop\s2e-win-utils-src\source\s2e\guest\windows\driver\release\driver.tlog\inf2cat-expand.7872.read.1.tlog
c:\users\cyfi\desktop\s2e-win-utils-src\source\s2e\guest\windows\driver\release\driver.tlog\inf2cat-expand.7872.write.1.tlog
c:\users\cyfi\desktop\s2e-win-utils-src\source\s2e\guest\windows\driver\release\driver.tlog\inf2cat-expand.7892.read.1.tlog
c:\users\cyfi\desktop\s2e-win-utils-src\source\s2e\guest\windows\driver\release\driver.tlog\inf2cat-expand.7892.write.1.tlog
c:\users\cyfi\desktop\s2e-win-utils-src\source\s2e\guest\windows\driver\release\driver.tlog\inf2cat-expand.7912.read.1.tlog
c:\users\cyfi\desktop\s2e-win-utils-src\source\s2e\guest\windows\driver\release\driver.tlog\inf2cat-expand.7912.write.1.tlog
c:\users\cyfi\desktop\s2e-win-utils-src\source\s2e\guest\windows\driver\release\driver.tlog\inf2cat-expand.8104.read.1.tlog
c:\users\cyfi\desktop\s2e-win-utils-src\source\s2e\guest\windows\driver\release\driver.tlog\inf2cat-expand.8104.write.1.tlog
c:\users\cyfi\desktop\s2e-win-utils-src\source\s2e\guest\windows\driver\release\driver.tlog\inf2cat-expand.8116.read.1.tlog
c:\users\cyfi\desktop\s2e-win-utils-src\source\s2e\guest\windows\driver\release\driver.tlog\inf2cat-expand.8116.write.1.tlog
c:\users\cyfi\desktop\s2e-win-utils-src\source\s2e\guest\windows\driver\release\driver.tlog\inf2cat-expand.8136.read.1.tlog
c:\users\cyfi\desktop\s2e-win-utils-src\source\s2e\guest\windows\driver\release\driver.tlog\inf2cat-expand.8136.write.1.tlog
c:\users\cyfi\desktop\s2e-win-utils-src\source\s2e\guest\windows\driver\release\driver.tlog\inf2cat-expand.8144.read.1.tlog
c:\users\cyfi\desktop\s2e-win-utils-src\source\s2e\guest\windows\driver\release\driver.tlog\inf2cat-expand.8144.write.1.tlog
c:\users\cyfi\desktop\s2e-win-utils-src\source\s2e\guest\windows\driver\release\driver.tlog\inf2cat-expand.8244.read.1.tlog
c:\users\cyfi\desktop\s2e-win-utils-src\source\s2e\guest\windows\driver\release\driver.tlog\inf2cat-expand.8244.write.1.tlog
c:\users\cyfi\desktop\s2e-win-utils-src\source\s2e\guest\windows\driver\release\driver.tlog\inf2cat-expand.8296.read.1.tlog
c:\users\cyfi\desktop\s2e-win-utils-src\source\s2e\guest\windows\driver\release\driver.tlog\inf2cat-expand.8296.write.1.tlog
c:\users\cyfi\desktop\s2e-win-utils-src\source\s2e\guest\windows\driver\release\driver.tlog\inf2cat-expand.8348.read.1.tlog
c:\users\cyfi\desktop\s2e-win-utils-src\source\s2e\guest\windows\driver\release\driver.tlog\inf2cat-expand.8348.write.1.tlog
c:\users\cyfi\desktop\s2e-win-utils-src\source\s2e\guest\windows\driver\release\driver.tlog\inf2cat-expand.8372.read.1.tlog
c:\users\cyfi\desktop\s2e-win-utils-src\source\s2e\guest\windows\driver\release\driver.tlog\inf2cat-expand.8372.write.1.tlog
c:\users\cyfi\desktop\s2e-win-utils-src\source\s2e\guest\windows\driver\release\driver.tlog\inf2cat-expand.8500.read.1.tlog
c:\users\cyfi\desktop\s2e-win-utils-src\source\s2e\guest\windows\driver\release\driver.tlog\inf2cat-expand.8500.write.1.tlog
c:\users\cyfi\desktop\s2e-win-utils-src\source\s2e\guest\windows\driver\release\driver.tlog\inf2cat-expand.8540.read.1.tlog
c:\users\cyfi\desktop\s2e-win-utils-src\source\s2e\guest\windows\driver\release\driver.tlog\inf2cat-expand.8540.write.1.tlog
c:\users\cyfi\desktop\s2e-win-utils-src\source\s2e\guest\windows\driver\release\driver.tlog\inf2cat-expand.8624.read.1.tlog
c:\users\cyfi\desktop\s2e-win-utils-src\source\s2e\guest\windows\driver\release\driver.tlog\inf2cat-expand.8624.write.1.tlog
c:\users\cyfi\desktop\s2e-win-utils-src\source\s2e\guest\windows\driver\release\driver.tlog\inf2cat-expand.8632.read.1.tlog
c:\users\cyfi\desktop\s2e-win-utils-src\source\s2e\guest\windows\driver\release\driver.tlog\inf2cat-expand.8632.write.1.tlog
c:\users\cyfi\desktop\s2e-win-utils-src\source\s2e\guest\windows\driver\release\driver.tlog\inf2cat-expand.8704.read.1.tlog
c:\users\cyfi\desktop\s2e-win-utils-src\source\s2e\guest\windows\driver\release\driver.tlog\inf2cat-expand.8704.write.1.tlog
c:\users\cyfi\desktop\s2e-win-utils-src\source\s2e\guest\windows\driver\release\driver.tlog\inf2cat-expand.8740.read.1.tlog
c:\users\cyfi\desktop\s2e-win-utils-src\source\s2e\guest\windows\driver\release\driver.tlog\inf2cat-expand.8740.write.1.tlog
c:\users\cyfi\desktop\s2e-win-utils-src\source\s2e\guest\windows\driver\release\driver.tlog\inf2cat-expand.8772.read.1.tlog
c:\users\cyfi\desktop\s2e-win-utils-src\source\s2e\guest\windows\driver\release\driver.tlog\inf2cat-expand.8772.write.1.tlog
c:\users\cyfi\desktop\s2e-win-utils-src\source\s2e\guest\windows\driver\release\driver.tlog\inf2cat-expand.8836.read.1.tlog
c:\users\cyfi\desktop\s2e-win-utils-src\source\s2e\guest\windows\driver\release\driver.tlog\inf2cat-expand.8836.write.1.tlog
c:\users\cyfi\desktop\s2e-win-utils-src\source\s2e\guest\windows\driver\release\driver.tlog\inf2cat-expand.8916.read.1.tlog
c:\users\cyfi\desktop\s2e-win-utils-src\source\s2e\guest\windows\driver\release\driver.tlog\inf2cat-expand.8916.write.1.tlog
c:\users\cyfi\desktop\s2e-win-utils-src\source\s2e\guest\windows\driver\release\driver.tlog\inf2cat-expand.892.read.1.tlog
c:\users\cyfi\desktop\s2e-win-utils-src\source\s2e\guest\windows\driver\release\driver.tlog\inf2cat-expand.892.write.1.tlog
c:\users\cyfi\desktop\s2e-win-utils-src\source\s2e\guest\windows\driver\release\driver.tlog\inf2cat-expand.8928.read.1.tlog
c:\users\cyfi\desktop\s2e-win-utils-src\source\s2e\guest\windows\driver\release\driver.tlog\inf2cat-expand.8928.write.1.tlog
c:\users\cyfi\desktop\s2e-win-utils-src\source\s2e\guest\windows\driver\release\driver.tlog\inf2cat-expand.8932.read.1.tlog
c:\users\cyfi\desktop\s2e-win-utils-src\source\s2e\guest\windows\driver\release\driver.tlog\inf2cat-expand.8932.write.1.tlog
c:\users\cyfi\desktop\s2e-win-utils-src\source\s2e\guest\windows\driver\release\driver.tlog\inf2cat-expand.8936.read.1.tlog
c:\users\cyfi\desktop\s2e-win-utils-src\source\s2e\guest\windows\driver\release\driver.tlog\inf2cat-expand.8936.write.1.tlog
c:\users\cyfi\desktop\s2e-win-utils-src\source\s2e\guest\windows\driver\release\driver.tlog\inf2cat-expand.9052.read.1.tlog
c:\users\cyfi\desktop\s2e-win-utils-src\source\s2e\guest\windows\driver\release\driver.tlog\inf2cat-expand.9052.write.1.tlog
c:\users\cyfi\desktop\s2e-win-utils-src\source\s2e\guest\windows\driver\release\driver.tlog\inf2cat-expand.9096.read.1.tlog
c:\users\cyfi\desktop\s2e-win-utils-src\source\s2e\guest\windows\driver\release\driver.tlog\inf2cat-expand.9096.write.1.tlog
c:\users\cyfi\desktop\s2e-win-utils-src\source\s2e\guest\windows\driver\release\driver.tlog\inf2cat-expand.9168.read.1.tlog
c:\users\cyfi\desktop\s2e-win-utils-src\source\s2e\guest\windows\driver\release\driver.tlog\inf2cat-expand.9168.write.1.tlog
c:\users\cyfi\desktop\s2e-win-utils-src\source\s2e\guest\windows\driver\release\driver.tlog\inf2cat-expand.9188.read.1.tlog
c:\users\cyfi\desktop\s2e-win-utils-src\source\s2e\guest\windows\driver\release\driver.tlog\inf2cat-expand.9188.write.1.tlog
c:\users\cyfi\desktop\s2e-win-utils-src\source\s2e\guest\windows\driver\release\driver.tlog\inf2cat-expand.9208.read.1.tlog
c:\users\cyfi\desktop\s2e-win-utils-src\source\s2e\guest\windows\driver\release\driver.tlog\inf2cat-expand.9208.write.1.tlog
c:\users\cyfi\desktop\s2e-win-utils-src\source\s2e\guest\windows\driver\release\driver.tlog\inf2cat-expand.9292.read.1.tlog
c:\users\cyfi\desktop\s2e-win-utils-src\source\s2e\guest\windows\driver\release\driver.tlog\inf2cat-expand.9292.write.1.tlog
c:\users\cyfi\desktop\s2e-win-utils-src\source\s2e\guest\windows\driver\release\driver.tlog\inf2cat-expand.9340.read.1.tlog
c:\users\cyfi\desktop\s2e-win-utils-src\source\s2e\guest\windows\driver\release\driver.tlog\inf2cat-expand.9340.write.1.tlog
c:\users\cyfi\desktop\s2e-win-utils-src\source\s2e\guest\windows\driver\release\driver.tlog\inf2cat-expand.9364.read.1.tlog
c:\users\cyfi\desktop\s2e-win-utils-src\source\s2e\guest\windows\driver\release\driver.tlog\inf2cat-expand.9364.write.1.tlog
c:\users\cyfi\desktop\s2e-win-utils-src\source\s2e\guest\windows\driver\release\driver.tlog\inf2cat-expand.9420.read.1.tlog
c:\users\cyfi\desktop\s2e-win-utils-src\source\s2e\guest\windows\driver\release\driver.tlog\inf2cat-expand.9420.write.1.tlog
c:\users\cyfi\desktop\s2e-win-utils-src\source\s2e\guest\windows\driver\release\driver.tlog\inf2cat-expand.9480.read.1.tlog
c:\users\cyfi\desktop\s2e-win-utils-src\source\s2e\guest\windows\driver\release\driver.tlog\inf2cat-expand.9480.write.1.tlog
c:\users\cyfi\desktop\s2e-win-utils-src\source\s2e\guest\windows\driver\release\driver.tlog\inf2cat-expand.9496.read.1.tlog
c:\users\cyfi\desktop\s2e-win-utils-src\source\s2e\guest\windows\driver\release\driver.tlog\inf2cat-expand.9496.write.1.tlog
c:\users\cyfi\desktop\s2e-win-utils-src\source\s2e\guest\windows\driver\release\driver.tlog\inf2cat-expand.9712.read.1.tlog
c:\users\cyfi\desktop\s2e-win-utils-src\source\s2e\guest\windows\driver\release\driver.tlog\inf2cat-expand.9712.write.1.tlog
c:\users\cyfi\desktop\s2e-win-utils-src\source\s2e\guest\windows\driver\release\driver.tlog\inf2cat-expand.9752.read.1.tlog
c:\users\cyfi\desktop\s2e-win-utils-src\source\s2e\guest\windows\driver\release\driver.tlog\inf2cat-expand.9752.write.1.tlog
c:\users\cyfi\desktop\s2e-win-utils-src\source\s2e\guest\windows\driver\release\driver.tlog\inf2cat-expand.9848.read.1.tlog
c:\users\cyfi\desktop\s2e-win-utils-src\source\s2e\guest\windows\driver\release\driver.tlog\inf2cat-expand.9848.write.1.tlog
c:\users\cyfi\desktop\s2e-win-utils-src\source\s2e\guest\windows\driver\release\driver.tlog\inf2cat-expand.9924.read.1.tlog
c:\users\cyfi\desktop\s2e-win-utils-src\source\s2e\guest\windows\driver\release\driver.tlog\inf2cat-expand.9924.write.1.tlog
c:\users\cyfi\desktop\s2e-win-utils-src\source\s2e\guest\windows\driver\release\driver.tlog\inf2cat-expand.9928.read.1.tlog
c:\users\cyfi\desktop\s2e-win-utils-src\source\s2e\guest\windows\driver\release\driver.tlog\inf2cat-expand.9928.write.1.tlog
c:\users\cyfi\desktop\s2e-win-utils-src\source\s2e\guest\windows\driver\release\driver.tlog\inf2cat-expand.9992.read.1.tlog
c:\users\cyfi\desktop\s2e-win-utils-src\source\s2e\guest\windows\driver\release\driver.tlog\inf2cat-expand.9992.write.1.tlog
c:\users\cyfi\desktop\s2e-win-utils-src\source\s2e\guest\windows\driver\release\driver.tlog\inf2cat-expand.read.1.tlog
c:\users\cyfi\desktop\s2e-win-utils-src\source\s2e\guest\windows\driver\release\driver.tlog\inf2cat-expand.write.1.tlog
c:\users\cyfi\desktop\s2e-win-utils-src\source\s2e\guest\windows\driver\release\driver.tlog\inf2cat.command.1.tlog
c:\users\cyfi\desktop\s2e-win-utils-src\source\s2e\guest\windows\driver\release\driver.tlog\inf2cat.read.1.tlog
c:\users\cyfi\desktop\s2e-win-utils-src\source\s2e\guest\windows\driver\release\driver.tlog\inf2cat.write.1.tlog
c:\users\cyfi\desktop\s2e-win-utils-src\source\s2e\guest\windows\driver\release\driver.tlog\link.command.1.tlog
c:\users\cyfi\desktop\s2e-win-utils-src\source\s2e\guest\windows\driver\release\driver.tlog\link.read.1.tlog
c:\users\cyfi\desktop\s2e-win-utils-src\source\s2e\guest\windows\driver\release\driver.tlog\link.write.1.tlog
c:\users\cyfi\desktop\s2e-win-utils-src\source\s2e\guest\windows\driver\release\driver.tlog\signtool.command.1.tlog
c:\users\cyfi\desktop\s2e-win-utils-src\source\s2e\guest\windows\driver\release\driver.tlog\signtool.read.1.tlog
c:\users\cyfi\desktop\s2e-win-utils-src\source\s2e\guest\windows\driver\release\driver.tlog\signtool.timestamp.1.tlog
c:\users\cyfi\desktop\s2e-win-utils-src\source\s2e\guest\windows\driver\release\driver.tlog\signtool.write.1.tlog
c:\users\cyfi\desktop\s2e-win-utils-src\source\s2e\guest\windows\driver\release\driver.tlog\stampinf.command.1.tlog
c:\users\cyfi\desktop\s2e-win-utils-src\source\s2e\guest\windows\driver\release\driver.tlog\stampinf.read.1.tlog
c:\users\cyfi\desktop\s2e-win-utils-src\source\s2e\guest\windows\driver\release\driver.tlog\stampinf.write.1.tlog
